<?xml version="1.0" encoding="UTF-8"?>
<!-- Generated by org.testng.reporters.JUnitReportReporter -->
<testsuite hostname="Sankari" failures="0" tests="6" name="TestNgexamples.test_dataprovider" time="0.025" errors="0" timestamp="2024-11-17T10:44:52 IST" skipped="0">
  <testcase classname="TestNgexamples.test_dataprovider" name="firsttest" time="0.008"/>
  <system-out/>
  <testcase classname="TestNgexamples.test_dataprovider" name="secondtest" time="0.004"/>
  <system-out/>
  <testcase classname="TestNgexamples.test_dataprovider" name="thirdtest" time="0.002"/>
  <system-out/>
  <testcase classname="TestNgexamples.test_dataprovider" name="thirdtest" time="0.002"/>
  <system-out/>
  <testcase classname="TestNgexamples.test_dataprovider" name="thirdtest" time="0.003"/>
  <system-out/>
  <testcase classname="TestNgexamples.test_dataprovider" name="thirdtest" time="0.006"/>
  <system-out/>
</testsuite> <!-- TestNgexamples.test_dataprovider -->
