<?xml version="1.0" encoding="UTF-8"?>
<!-- Generated by org.testng.reporters.JUnitReportReporter -->
<testsuite hostname="Sankari" failures="0" tests="8" name="TestNgexamples.FirstTest" time="6.877" errors="0" timestamp="2024-11-16T22:55:18 IST" skipped="0">
  <testcase classname="TestNgexamples.FirstTest" name="firsttest" time="2.771"/>
  <system-out/>
  <testcase classname="TestNgexamples.FirstTest" name="firsttest" time="3.051"/>
  <system-out/>
  <testcase classname="TestNgexamples.FirstTest" name="secondtest" time="0.441"/>
  <system-out/>
  <testcase classname="TestNgexamples.FirstTest" name="secondtest" time="0.438"/>
  <system-out/>
  <testcase classname="TestNgexamples.FirstTest" name="thirdtest" time="0.083"/>
  <system-out/>
  <testcase classname="TestNgexamples.FirstTest" name="thirdtest" time="0.085"/>
  <system-out/>
  <testcase classname="TestNgexamples.FirstTest" name="fourthtest" time="0.005"/>
  <system-out/>
  <testcase classname="TestNgexamples.FirstTest" name="fourthtest" time="0.003"/>
  <system-out/>
</testsuite> <!-- TestNgexamples.FirstTest -->
