<?xml version="1.0" encoding="UTF-8"?>
<!-- Generated by org.testng.reporters.JUnitReportReporter -->
<testsuite hostname="Sankari" failures="0" tests="6" name="TestNgexamples.test_dependency" time="0.049" errors="0" timestamp="2024-11-17T09:45:15 IST" skipped="0">
  <testcase classname="TestNgexamples.test_dependency" name="firsttest" time="0.020"/>
  <system-out/>
  <testcase classname="TestNgexamples.test_dependency" name="secondtest" time="0.005"/>
  <system-out/>
  <testcase classname="TestNgexamples.test_dependency" name="thirdtest" time="0.011"/>
  <system-out/>
  <testcase classname="TestNgexamples.test_dependency" name="thirdtest" time="0.006"/>
  <system-out/>
  <testcase classname="TestNgexamples.test_dependency" name="thirdtest" time="0.004"/>
  <system-out/>
  <testcase classname="TestNgexamples.test_dependency" name="thirdtest" time="0.003"/>
  <system-out/>
</testsuite> <!-- TestNgexamples.test_dependency -->
