<?xml version="1.0" encoding="UTF-8"?>
<!-- Generated by org.testng.reporters.JUnitReportReporter -->
<testsuite hostname="Sankari" failures="0" tests="8" name="TestNgexamples.FirstTest2" time="6.610" errors="0" timestamp="2024-11-16T22:55:18 IST" skipped="0">
  <testcase classname="TestNgexamples.FirstTest2" name="firsttest" time="2.784"/>
  <system-out/>
  <testcase classname="TestNgexamples.FirstTest2" name="firsttest" time="2.807"/>
  <system-out/>
  <testcase classname="TestNgexamples.FirstTest2" name="secondtest" time="0.428"/>
  <system-out/>
  <testcase classname="TestNgexamples.FirstTest2" name="secondtest" time="0.416"/>
  <system-out/>
  <testcase classname="TestNgexamples.FirstTest2" name="thirdtest" time="0.076"/>
  <system-out/>
  <testcase classname="TestNgexamples.FirstTest2" name="thirdtest" time="0.086"/>
  <system-out/>
  <testcase classname="TestNgexamples.FirstTest2" name="fourthtest" time="0.009"/>
  <system-out/>
  <testcase classname="TestNgexamples.FirstTest2" name="fourthtest" time="0.004"/>
  <system-out/>
</testsuite> <!-- TestNgexamples.FirstTest2 -->
